<?xml version="1.0" encoding="UTF-8"?>
<!-- Generated by org.testng.reporters.JUnitReportReporter -->
<testsuite skipped="0" hostname="ATMECSINLT-652" name="com.truclearglobal.api.post.testscripts.displaychannelservice.TC_010_Verify_To_Create_Schedule_Without_DayOfWeek" tests="1" failures="0" timestamp="19 Jul 2019 09:44:06 GMT" time="5.124" errors="0">
  <testcase name="AddScheduleWithoutDayOfWeek" time="5.124" classname="com.truclearglobal.api.post.testscripts.displaychannelservice.TC_010_Verify_To_Create_Schedule_Without_DayOfWeek"/>
</testsuite> <!-- com.truclearglobal.api.post.testscripts.displaychannelservice.TC_010_Verify_To_Create_Schedule_Without_DayOfWeek -->
