<?xml version="1.0" encoding="UTF-8"?>
<!-- Generated by org.testng.reporters.JUnitReportReporter -->
<testsuite skipped="0" hostname="ATMECSINLT-652" name="com.truclearglobal.api.get.testscripts.displaychannelservice.TC_027_Verify_To_Get_HourBlock_Without_Authorization" tests="1" failures="0" timestamp="19 Jul 2019 09:44:06 GMT" time="2.665" errors="0">
  <testcase name="GetHourBlockWithoutAuthorization" time="2.665" classname="com.truclearglobal.api.get.testscripts.displaychannelservice.TC_027_Verify_To_Get_HourBlock_Without_Authorization"/>
</testsuite> <!-- com.truclearglobal.api.get.testscripts.displaychannelservice.TC_027_Verify_To_Get_HourBlock_Without_Authorization -->
