<?xml version="1.0" encoding="UTF-8"?>
<!-- Generated by org.testng.reporters.JUnitReportReporter -->
<testsuite skipped="0" hostname="ATMECSINLT-269" name="com.falcon.api.post.testscripts.employeeservice.CreateEmployeeWithValidData" tests="1" failures="0" timestamp="09 Apr 2020 08:16:54 GMT" time="5.007" errors="0">
  <testcase name="createEmployeeWithValidData" time="5.007" classname="com.falcon.api.post.testscripts.employeeservice.CreateEmployeeWithValidData"/>
</testsuite> <!-- com.falcon.api.post.testscripts.employeeservice.CreateEmployeeWithValidData -->
