<?xml version="1.0" encoding="UTF-8"?>
<!-- Generated by org.testng.reporters.JUnitReportReporter -->
<testsuite skipped="0" hostname="ATMECSINLT-652" name="com.truclearglobal.api.get.testscripts.displaychannelservice.TC_032_Verify_To_Get_Assets_With_Invalid_ScheduleUUID" tests="1" failures="0" timestamp="19 Jul 2019 09:44:06 GMT" time="8.356" errors="0">
  <testcase name="GetAssetsWithInvalidScheduleUUID" time="8.356" classname="com.truclearglobal.api.get.testscripts.displaychannelservice.TC_032_Verify_To_Get_Assets_With_Invalid_ScheduleUUID"/>
</testsuite> <!-- com.truclearglobal.api.get.testscripts.displaychannelservice.TC_032_Verify_To_Get_Assets_With_Invalid_ScheduleUUID -->
