<?xml version="1.0" encoding="UTF-8"?>
<!-- Generated by org.testng.reporters.JUnitReportReporter -->
<testsuite skipped="0" hostname="ATMECSINLT-652" name="com.truclearglobal.api.delete.testscripts.displaychannelservice.TC_040_Verify_To_Delete_Created_Schedule" tests="1" failures="0" timestamp="19 Jul 2019 09:44:06 GMT" time="4.679" errors="0">
  <testcase name="DeleteScheduleWithValidData" time="4.679" classname="com.truclearglobal.api.delete.testscripts.displaychannelservice.TC_040_Verify_To_Delete_Created_Schedule"/>
</testsuite> <!-- com.truclearglobal.api.delete.testscripts.displaychannelservice.TC_040_Verify_To_Delete_Created_Schedule -->
