<?xml version="1.0" encoding="UTF-8"?>
<!-- Generated by org.testng.reporters.JUnitReportReporter -->
<testsuite skipped="0" hostname="ATMECSINLT-652" name="com.truclearglobal.api.get.testscripts.displaychannelservice.TC_025_Verify_To_Get_HourBlock_With_DisplayUUID" tests="1" failures="0" timestamp="19 Jul 2019 09:44:06 GMT" time="4.567" errors="0">
  <testcase name="GetHourBlockWithDisplayUUID" time="4.567" classname="com.truclearglobal.api.get.testscripts.displaychannelservice.TC_025_Verify_To_Get_HourBlock_With_DisplayUUID"/>
</testsuite> <!-- com.truclearglobal.api.get.testscripts.displaychannelservice.TC_025_Verify_To_Get_HourBlock_With_DisplayUUID -->
