<?xml version="1.0" encoding="UTF-8"?>
<!-- Generated by org.testng.reporters.JUnitReportReporter -->
<testsuite skipped="0" hostname="ATMECSINLT-652" name="com.truclearglobal.api.put.testscripts.displaychannelservice.TC_039_Update_Schedule_With_State" tests="1" failures="0" timestamp="19 Jul 2019 09:44:06 GMT" time="10.133" errors="0">
  <testcase name="UpdateScheduleWithState" time="10.133" classname="com.truclearglobal.api.put.testscripts.displaychannelservice.TC_039_Update_Schedule_With_State"/>
</testsuite> <!-- com.truclearglobal.api.put.testscripts.displaychannelservice.TC_039_Update_Schedule_With_State -->
