<?xml version="1.0" encoding="UTF-8"?>
<!-- Generated by org.testng.reporters.JUnitReportReporter -->
<testsuite skipped="0" hostname="ATMECSINLT-652" name="com.truclearglobal.api.post.testscripts.displaychannelservice.TC_005_Verify_To_Create_Schedule_With_Invalid_Payload" tests="1" failures="0" timestamp="19 Jul 2019 09:44:06 GMT" time="4.789" errors="0">
  <testcase name="AddScheduleWithInvalidJsonFormat" time="4.789" classname="com.truclearglobal.api.post.testscripts.displaychannelservice.TC_005_Verify_To_Create_Schedule_With_Invalid_Payload"/>
</testsuite> <!-- com.truclearglobal.api.post.testscripts.displaychannelservice.TC_005_Verify_To_Create_Schedule_With_Invalid_Payload -->
