<?xml version="1.0" encoding="UTF-8"?>
<!-- Generated by org.testng.reporters.JUnitReportReporter -->
<testsuite skipped="0" hostname="ATMECSINLT-652" name="com.truclearglobal.api.post.testscripts.displaychannelservice.TC_011_Verify_To_Create_Schedule_Without_DisplayScheduleSummary" tests="1" failures="0" timestamp="19 Jul 2019 09:44:06 GMT" time="4.436" errors="0">
  <testcase name="AddScheduleWithoutDisplayScheduleSummary" time="4.436" classname="com.truclearglobal.api.post.testscripts.displaychannelservice.TC_011_Verify_To_Create_Schedule_Without_DisplayScheduleSummary"/>
</testsuite> <!-- com.truclearglobal.api.post.testscripts.displaychannelservice.TC_011_Verify_To_Create_Schedule_Without_DisplayScheduleSummary -->
