<?xml version="1.0" encoding="UTF-8"?>
<!-- Generated by org.testng.reporters.JUnitReportReporter -->
<testsuite skipped="0" hostname="ATMECSINLT-269" name="com.falcon.api.get.testscripts.employeeservice.GetEmployeeWithID" tests="1" failures="0" timestamp="02 Apr 2020 16:14:28 GMT" time="3.396" errors="0">
  <testcase name="GetEmployeeWithValidID" time="3.396" classname="com.falcon.api.get.testscripts.employeeservice.GetEmployeeWithID"/>
</testsuite> <!-- com.falcon.api.get.testscripts.employeeservice.GetEmployeeWithID -->
