<?xml version="1.0" encoding="UTF-8"?>
<!-- Generated by org.testng.reporters.JUnitReportReporter -->
<testsuite skipped="0" hostname="ATMECSINLT-269" name="com.falcon.api.delete.testscripts.employeeservice.DeleteEmployee" tests="1" failures="0" timestamp="02 Apr 2020 16:17:18 GMT" time="4.150" errors="0">
  <testcase name="deleteEmployeeWithValidData" time="4.150" classname="com.falcon.api.delete.testscripts.employeeservice.DeleteEmployee"/>
</testsuite> <!-- com.falcon.api.delete.testscripts.employeeservice.DeleteEmployee -->
