<?xml version="1.0" encoding="UTF-8"?>
<!-- Generated by org.testng.reporters.JUnitReportReporter -->
<testsuite skipped="0" hostname="ATMECSINLT-652" name="com.truclearglobal.api.post.testscripts.displaychannelservice.TC_004_Verify_To_Create_Schedule_Without_Authorization" tests="1" failures="0" timestamp="19 Jul 2019 09:44:06 GMT" time="2.389" errors="0">
  <testcase name="AddScheduleWithoutAuthorization" time="2.389" classname="com.truclearglobal.api.post.testscripts.displaychannelservice.TC_004_Verify_To_Create_Schedule_Without_Authorization"/>
</testsuite> <!-- com.truclearglobal.api.post.testscripts.displaychannelservice.TC_004_Verify_To_Create_Schedule_Without_Authorization -->
