<?xml version="1.0" encoding="UTF-8"?>
<!-- Generated by org.testng.reporters.JUnitReportReporter -->
<testsuite skipped="0" hostname="ATMECSINLT-652" name="com.truclearglobal.api.delete.testscripts.displaychannelservice.TC_041_Verify_To_Delete_Schedule_Without_Authorization" tests="1" failures="0" timestamp="19 Jul 2019 09:44:06 GMT" time="2.424" errors="0">
  <testcase name="DeleteScheduleWithoutAuthorization" time="2.424" classname="com.truclearglobal.api.delete.testscripts.displaychannelservice.TC_041_Verify_To_Delete_Schedule_Without_Authorization"/>
</testsuite> <!-- com.truclearglobal.api.delete.testscripts.displaychannelservice.TC_041_Verify_To_Delete_Schedule_Without_Authorization -->
