<?xml version="1.0" encoding="UTF-8"?>
<!-- Generated by org.testng.reporters.JUnitReportReporter -->
<testsuite skipped="0" hostname="ATMECSINLT-652" name="com.truclearglobal.api.delete.testscripts.displaychannelservice.TC_042_Verify_To_Delete_Schedule_With_InvalidScheduleUUID" tests="1" failures="0" timestamp="19 Jul 2019 09:44:06 GMT" time="3.929" errors="0">
  <testcase name="DeleteScheduleWithInvalScheduleUUID" time="3.929" classname="com.truclearglobal.api.delete.testscripts.displaychannelservice.TC_042_Verify_To_Delete_Schedule_With_InvalidScheduleUUID"/>
</testsuite> <!-- com.truclearglobal.api.delete.testscripts.displaychannelservice.TC_042_Verify_To_Delete_Schedule_With_InvalidScheduleUUID -->
