<?xml version="1.0" encoding="UTF-8"?>
<!-- Generated by org.testng.reporters.JUnitReportReporter -->
<testsuite skipped="0" hostname="ATMECSINLT-269" name="com.falcon.api.put.testscripts.employeeservice.UpdateEmployeeWithValidData" tests="1" failures="0" timestamp="02 Apr 2020 16:04:25 GMT" time="3.552" errors="0">
  <testcase name="UpdateEmployee" time="3.552" classname="com.falcon.api.put.testscripts.employeeservice.UpdateEmployeeWithValidData"/>
</testsuite> <!-- com.falcon.api.put.testscripts.employeeservice.UpdateEmployeeWithValidData -->
