<?xml version="1.0" encoding="UTF-8"?>
<!-- Generated by org.testng.reporters.JUnitReportReporter -->
<testsuite skipped="0" hostname="ATMECSINLT-652" name="com.truclearglobal.api.get.testscripts.displaychannelservice.TC_023_Verify_To_Get_DayBlock_Without_DisplayUUID" tests="1" failures="0" timestamp="19 Jul 2019 09:44:06 GMT" time="6.086" errors="0">
  <testcase name="GetDayBlockWithoutDisplayUUID" time="6.086" classname="com.truclearglobal.api.get.testscripts.displaychannelservice.TC_023_Verify_To_Get_DayBlock_Without_DisplayUUID"/>
</testsuite> <!-- com.truclearglobal.api.get.testscripts.displaychannelservice.TC_023_Verify_To_Get_DayBlock_Without_DisplayUUID -->
