<?xml version="1.0" encoding="UTF-8"?>
<!-- Generated by org.testng.reporters.JUnitReportReporter -->
<testsuite skipped="0" hostname="ATMECSINLT-652" name="com.truclearglobal.api.post.testscripts.displaychannelservice.TC_017_Verify_To_Generate_AutoSchedule_With_Same_NetworkNumber" tests="1" failures="0" timestamp="19 Jul 2019 09:44:06 GMT" time="4.916" errors="0">
  <testcase name="AddAutoScheduletWithSameNetworkNumber" time="4.916" classname="com.truclearglobal.api.post.testscripts.displaychannelservice.TC_017_Verify_To_Generate_AutoSchedule_With_Same_NetworkNumber"/>
</testsuite> <!-- com.truclearglobal.api.post.testscripts.displaychannelservice.TC_017_Verify_To_Generate_AutoSchedule_With_Same_NetworkNumber -->
