<?xml version="1.0" encoding="UTF-8"?>
<!-- Generated by org.testng.reporters.JUnitReportReporter -->
<testsuite skipped="0" hostname="ATMECSINLT-652" name="com.truclearglobal.api.post.testscripts.displaychannelservice.TC_008_Verify_To_Create_Schedule_Without_ScheduleName" tests="1" failures="0" timestamp="19 Jul 2019 09:44:06 GMT" time="5.125" errors="0">
  <testcase name="AddScheduletWithoutScheduleName" time="5.125" classname="com.truclearglobal.api.post.testscripts.displaychannelservice.TC_008_Verify_To_Create_Schedule_Without_ScheduleName"/>
</testsuite> <!-- com.truclearglobal.api.post.testscripts.displaychannelservice.TC_008_Verify_To_Create_Schedule_Without_ScheduleName -->
