<?xml version="1.0" encoding="UTF-8"?>
<!-- Generated by org.testng.reporters.JUnitReportReporter -->
<testsuite skipped="0" hostname="ATMECSINLT-652" name="com.truclearglobal.api.post.testscripts.displaychannelservice.TC_015_Verify_To_Generate_AutoSchedule_Without_Authorization" tests="1" failures="0" timestamp="19 Jul 2019 09:44:06 GMT" time="2.342" errors="0">
  <testcase name="AddAutoScheduleWithoutAuthorization" time="2.342" classname="com.truclearglobal.api.post.testscripts.displaychannelservice.TC_015_Verify_To_Generate_AutoSchedule_Without_Authorization"/>
</testsuite> <!-- com.truclearglobal.api.post.testscripts.displaychannelservice.TC_015_Verify_To_Generate_AutoSchedule_Without_Authorization -->
