<?xml version="1.0" encoding="UTF-8"?>
<!-- Generated by org.testng.reporters.JUnitReportReporter -->
<testsuite skipped="0" hostname="ATMECSINLT-652" name="com.truclearglobal.api.put.testscripts.displaychannelservice.TC_035_Update_Schedule_With_Existing_ScheduleName" tests="1" failures="0" timestamp="19 Jul 2019 09:44:06 GMT" time="11.232" errors="0">
  <testcase name="UpdateScheduleWithExistingScheduleName" time="11.232" classname="com.truclearglobal.api.put.testscripts.displaychannelservice.TC_035_Update_Schedule_With_Existing_ScheduleName"/>
</testsuite> <!-- com.truclearglobal.api.put.testscripts.displaychannelservice.TC_035_Update_Schedule_With_Existing_ScheduleName -->
