<?xml version="1.0" encoding="UTF-8"?>
<!-- Generated by org.testng.reporters.JUnitReportReporter -->
<testsuite skipped="0" hostname="ATMECSINLT-652" name="com.truclearglobal.api.post.testscripts.displaychannelservice.TC_001_Verify_To_Create_Schedule_With_Valid_Data" tests="1" failures="0" timestamp="19 Jul 2019 09:44:06 GMT" time="4.890" errors="0">
  <testcase name="AddScheduleWithValidData" time="4.890" classname="com.truclearglobal.api.post.testscripts.displaychannelservice.TC_001_Verify_To_Create_Schedule_With_Valid_Data"/>
</testsuite> <!-- com.truclearglobal.api.post.testscripts.displaychannelservice.TC_001_Verify_To_Create_Schedule_With_Valid_Data -->
