<?xml version="1.0" encoding="UTF-8"?>
<!-- Generated by org.testng.reporters.JUnitReportReporter -->
<testsuite skipped="0" hostname="ATMECSINLT-652" name="com.truclearglobal.api.post.testscripts.displaychannelservice.TC_016_Verify_To_Generate_AutoSchedule_With_Empty_Payload" tests="1" failures="0" timestamp="19 Jul 2019 09:44:06 GMT" time="6.144" errors="0">
  <testcase name="addAutoScheduleWithEmptyPayload" time="6.144" classname="com.truclearglobal.api.post.testscripts.displaychannelservice.TC_016_Verify_To_Generate_AutoSchedule_With_Empty_Payload"/>
</testsuite> <!-- com.truclearglobal.api.post.testscripts.displaychannelservice.TC_016_Verify_To_Generate_AutoSchedule_With_Empty_Payload -->
