<?xml version="1.0" encoding="UTF-8"?>
<!-- Generated by org.testng.reporters.JUnitReportReporter -->
<testsuite skipped="0" hostname="ATMECSINLT-652" name="com.truclearglobal.api.put.testscripts.displaychannelservice.TC_034_Update_Schedule_With_Valid_Data" tests="1" failures="0" timestamp="19 Jul 2019 09:44:06 GMT" time="11.138" errors="0">
  <testcase name="UpdateScheduleWithValidData" time="11.138" classname="com.truclearglobal.api.put.testscripts.displaychannelservice.TC_034_Update_Schedule_With_Valid_Data"/>
</testsuite> <!-- com.truclearglobal.api.put.testscripts.displaychannelservice.TC_034_Update_Schedule_With_Valid_Data -->
