<?xml version="1.0" encoding="UTF-8"?>
<!-- Generated by org.testng.reporters.JUnitReportReporter -->
<testsuite skipped="0" hostname="ATMECSINLT-652" name="com.truclearglobal.api.get.testscripts.displaychannelservice.TC_029_Verify_To_Get_HourBlock_Without_HourBlockUUID" tests="1" failures="0" timestamp="19 Jul 2019 09:44:06 GMT" time="4.188" errors="0">
  <testcase name="GetHourBlockWithoutHourBlockUUID" time="4.188" classname="com.truclearglobal.api.get.testscripts.displaychannelservice.TC_029_Verify_To_Get_HourBlock_Without_HourBlockUUID"/>
</testsuite> <!-- com.truclearglobal.api.get.testscripts.displaychannelservice.TC_029_Verify_To_Get_HourBlock_Without_HourBlockUUID -->
