<?xml version="1.0" encoding="UTF-8"?>
<!-- Generated by org.testng.reporters.JUnitReportReporter -->
<testsuite skipped="0" hostname="ATMECSINLT-652" name="com.truclearglobal.api.get.testscripts.displaychannelservice.TC_021_Verify_To_Get_Schedule_With_State" tests="1" failures="0" timestamp="19 Jul 2019 09:44:06 GMT" time="5.837" errors="0">
  <testcase name="GetScheduleWithState" time="5.837" classname="com.truclearglobal.api.get.testscripts.displaychannelservice.TC_021_Verify_To_Get_Schedule_With_State"/>
</testsuite> <!-- com.truclearglobal.api.get.testscripts.displaychannelservice.TC_021_Verify_To_Get_Schedule_With_State -->
