<?xml version="1.0" encoding="UTF-8"?>
<!-- Generated by org.testng.reporters.JUnitReportReporter -->
<testsuite skipped="0" hostname="ATMECSINLT-269" name="com.falcon.api.post.testscripts.employeeservice.TC_001_Verify_To_Create_Employee_With_Valid_Data" tests="1" failures="0" timestamp="01 Apr 2020 11:06:25 GMT" time="3.577" errors="0">
  <testcase name="addEmployeeWithValidData" time="3.577" classname="com.falcon.api.post.testscripts.employeeservice.TC_001_Verify_To_Create_Employee_With_Valid_Data"/>
</testsuite> <!-- com.falcon.api.post.testscripts.employeeservice.TC_001_Verify_To_Create_Employee_With_Valid_Data -->
