<?xml version="1.0" encoding="UTF-8"?>
<!-- Generated by org.testng.reporters.JUnitReportReporter -->
<testsuite skipped="0" hostname="ATMECSINLT-269" name="com.falcon.api.get.testscripts.employeeservice.GetAllEmployees" tests="1" failures="0" timestamp="02 Apr 2020 13:29:44 GMT" time="2.635" errors="0">
  <testcase name="getAllEmployees" time="2.635" classname="com.falcon.api.get.testscripts.employeeservice.GetAllEmployees"/>
</testsuite> <!-- com.falcon.api.get.testscripts.employeeservice.GetAllEmployees -->
