<?xml version="1.0" encoding="UTF-8"?>
<!-- Generated by org.testng.reporters.JUnitReportReporter -->
<testsuite skipped="0" hostname="ATMECSINLT-652" name="com.truclearglobal.api.put.testscripts.displaychannelservice.TC_036_Update_Schedule_Without_Authorization" tests="1" failures="0" timestamp="19 Jul 2019 09:44:06 GMT" time="8.721" errors="0">
  <testcase name="UpdateScheduleWithoutAuthorization" time="8.721" classname="com.truclearglobal.api.put.testscripts.displaychannelservice.TC_036_Update_Schedule_Without_Authorization"/>
</testsuite> <!-- com.truclearglobal.api.put.testscripts.displaychannelservice.TC_036_Update_Schedule_Without_Authorization -->
